<?xml version="1.0" encoding="UTF-8"?>
<!-- Generated by org.testng.reporters.JUnitXMLReporter -->
<testsuite ignored="0" hostname="Shalu" failures="0" tests="5" name="Default test" time="50.247" errors="0" timestamp="2023-09-29T23:42:47 IST">
  <testcase classname="com.qa.opencart.tests.ProductInfoTest" name="productDataTest" time="9.68"/>
  <testcase classname="com.qa.opencart.tests.ProductInfoTest" name="productHeaderTest" time="8.419"/>
  <testcase classname="com.qa.opencart.tests.ProductInfoTest" name="productImagesCountTest" time="6.201"/>
  <testcase classname="com.qa.opencart.tests.ProductInfoTest" name="productImagesCountTest" time="6.099"/>
  <testcase classname="com.qa.opencart.tests.ProductInfoTest" name="productImagesCountTest" time="6.455"/>
</testsuite> <!-- Default test -->
