<?xml version="1.0" encoding="UTF-8"?>
<!-- Generated by org.testng.reporters.JUnitXMLReporter -->
<testsuite ignored="0" hostname="Shalu" failures="0" tests="11" name="Accounts Page Test" time="70.235" errors="0" timestamp="2023-09-30T14:49:58 IST">
  <testcase classname="com.qa.opencart.tests.AccountsPageTest" name="accPageSectionsTest" time="0.175"/>
  <testcase classname="com.qa.opencart.tests.AccountsPageTest" name="accPageTitleTest" time="0.035"/>
  <testcase classname="com.qa.opencart.tests.AccountsPageTest" name="accPageURL" time="0.044"/>
  <testcase classname="com.qa.opencart.tests.AccountsPageTest" name="logoutLinkTest" time="1.278"/>
  <testcase classname="com.qa.opencart.tests.AccountsPageTest" name="searchTest" time="8.425"/>
  <testcase classname="com.qa.opencart.tests.AccountsPageTest" name="searchTest" time="5.679"/>
  <testcase classname="com.qa.opencart.tests.AccountsPageTest" name="searchTest" time="6.36"/>
  <testcase classname="com.qa.opencart.tests.AccountsPageTest" name="selectProductTest" time="9.848"/>
  <testcase classname="com.qa.opencart.tests.AccountsPageTest" name="selectProductTest" time="7.903"/>
  <testcase classname="com.qa.opencart.tests.AccountsPageTest" name="selectProductTest" time="7.392"/>
  <testcase classname="com.qa.opencart.tests.AccountsPageTest" name="selectProductTest" time="8.32"/>
</testsuite> <!-- Accounts Page Test -->
