<?xml version="1.0" encoding="UTF-8"?>
<!-- Generated by org.testng.reporters.JUnitXMLReporter -->
<testsuite ignored="0" hostname="Shalu" failures="0" tests="4" name="Login Page Test" time="16.382" errors="0" timestamp="2023-10-02T15:49:41 IST">
  <testcase classname="com.qa.opencart.tests.LoginPageTest" name="ForgotPwdTest" time="1.395"/>
  <testcase classname="com.qa.opencart.tests.LoginPageTest" name="loginPageTitleTest" time="0.034"/>
  <testcase classname="com.qa.opencart.tests.LoginPageTest" name="loginPageURLTest" time="0.019"/>
  <testcase classname="com.qa.opencart.tests.LoginPageTest" name="loginTest" time="7.98"/>
</testsuite> <!-- Login Page Test -->
