<?xml version="1.0" encoding="UTF-8"?>
<!-- Generated by org.testng.reporters.JUnitXMLReporter -->
<testsuite ignored="0" hostname="Shalu" failures="0" tests="5" name="Product Info Test" time="44.56" errors="0" timestamp="2023-10-01T01:13:00 IST">
  <testcase classname="com.qa.opencart.tests.ProductInfoTest" name="productDataTest" time="9.017"/>
  <testcase classname="com.qa.opencart.tests.ProductInfoTest" name="productHeaderTest" time="6.831"/>
  <testcase classname="com.qa.opencart.tests.ProductInfoTest" name="productImagesCountTest" time="6.013"/>
  <testcase classname="com.qa.opencart.tests.ProductInfoTest" name="productImagesCountTest" time="6.165"/>
  <testcase classname="com.qa.opencart.tests.ProductInfoTest" name="productImagesCountTest" time="6.101"/>
</testsuite> <!-- Product Info Test -->
