<?xml version="1.0" encoding="UTF-8"?>
<!-- Generated by org.testng.reporters.JUnitXMLReporter -->
<testsuite ignored="0" hostname="Shalu" failures="0" tests="5" name="Product Info Test" time="49.426" errors="0" timestamp="2023-10-01T20:18:07 IST">
  <testcase classname="com.qa.opencart.tests.ProductInfoTest" name="productDataTest" time="8.443"/>
  <testcase classname="com.qa.opencart.tests.ProductInfoTest" name="productHeaderTest" time="8.179"/>
  <testcase classname="com.qa.opencart.tests.ProductInfoTest" name="productImagesCountTest" time="5.981"/>
  <testcase classname="com.qa.opencart.tests.ProductInfoTest" name="productImagesCountTest" time="7.578"/>
  <testcase classname="com.qa.opencart.tests.ProductInfoTest" name="productImagesCountTest" time="6.351"/>
</testsuite> <!-- Product Info Test -->
