<?xml version="1.0" encoding="UTF-8"?>
<testng-results ignored="0" total="9" passed="9" failed="0" skipped="0">
  <reporter-output>
  </reporter-output>
  <suite started-at="2023-10-02T15:49:23 IST" name="Open Cart Regression Test Suite" finished-at="2023-10-02T15:50:25 IST" duration-ms="61587">
    <groups>
    </groups>
    <test started-at="2023-10-02T15:49:23 IST" name="Login Page Test" finished-at="2023-10-02T15:49:40 IST" duration-ms="16382">
      <class name="com.qa.opencart.tests.LoginPageTest">
        <test-method is-config="true" signature="setUp()[pri:0, instance:com.qa.opencart.tests.LoginPageTest@6361b799]" started-at="2023-10-02T15:49:23 IST" name="setUp" finished-at="2023-10-02T15:49:29 IST" duration-ms="5564" status="PASS">
          <reporter-output>
          </reporter-output>
        </test-method> <!-- setUp -->
        <test-method signature="ForgotPwdTest()[pri:0, instance:com.qa.opencart.tests.LoginPageTest@6361b799]" started-at="2023-10-02T15:49:29 IST" name="ForgotPwdTest" finished-at="2023-10-02T15:49:30 IST" duration-ms="1395" status="PASS">
          <reporter-output>
          </reporter-output>
        </test-method> <!-- ForgotPwdTest -->
        <test-method signature="loginPageTitleTest()[pri:0, instance:com.qa.opencart.tests.LoginPageTest@6361b799]" started-at="2023-10-02T15:49:31 IST" name="loginPageTitleTest" finished-at="2023-10-02T15:49:31 IST" duration-ms="34" status="PASS">
          <reporter-output>
          </reporter-output>
        </test-method> <!-- loginPageTitleTest -->
        <test-method signature="loginPageURLTest()[pri:0, instance:com.qa.opencart.tests.LoginPageTest@6361b799]" started-at="2023-10-02T15:49:31 IST" name="loginPageURLTest" finished-at="2023-10-02T15:49:31 IST" duration-ms="19" status="PASS">
          <reporter-output>
          </reporter-output>
        </test-method> <!-- loginPageURLTest -->
        <test-method signature="loginTest()[pri:0, instance:com.qa.opencart.tests.LoginPageTest@6361b799]" started-at="2023-10-02T15:49:31 IST" name="loginTest" description="Positive test case for login with credentials..." finished-at="2023-10-02T15:49:39 IST" duration-ms="7980" status="PASS">
          <reporter-output>
          </reporter-output>
        </test-method> <!-- loginTest -->
        <test-method is-config="true" signature="tearDown()[pri:0, instance:com.qa.opencart.tests.LoginPageTest@6361b799]" started-at="2023-10-02T15:49:40 IST" name="tearDown" finished-at="2023-10-02T15:49:40 IST" duration-ms="1" status="PASS">
          <reporter-output>
          </reporter-output>
        </test-method> <!-- tearDown -->
      </class> <!-- com.qa.opencart.tests.LoginPageTest -->
    </test> <!-- Login Page Test -->
    <test started-at="2023-10-02T15:49:41 IST" name="Product Info Test" finished-at="2023-10-02T15:50:25 IST" duration-ms="44174">
      <class name="com.qa.opencart.tests.ProductInfoTest">
        <test-method is-config="true" signature="setUp()[pri:0, instance:com.qa.opencart.tests.ProductInfoTest@399ca607]" started-at="2023-10-02T15:49:41 IST" name="setUp" finished-at="2023-10-02T15:49:44 IST" duration-ms="2869" status="PASS">
          <reporter-output>
          </reporter-output>
        </test-method> <!-- setUp -->
        <test-method is-config="true" signature="accPageSetup()[pri:0, instance:com.qa.opencart.tests.ProductInfoTest@399ca607]" started-at="2023-10-02T15:49:44 IST" name="accPageSetup" finished-at="2023-10-02T15:49:50 IST" duration-ms="6916" status="PASS">
          <reporter-output>
          </reporter-output>
        </test-method> <!-- accPageSetup -->
        <test-method signature="productDataTest()[pri:0, instance:com.qa.opencart.tests.ProductInfoTest@399ca607]" started-at="2023-10-02T15:49:50 IST" name="productDataTest" finished-at="2023-10-02T15:50:00 IST" duration-ms="9359" status="PASS">
          <reporter-output>
          </reporter-output>
        </test-method> <!-- productDataTest -->
        <test-method signature="productHeaderTest()[pri:0, instance:com.qa.opencart.tests.ProductInfoTest@399ca607]" started-at="2023-10-02T15:50:00 IST" name="productHeaderTest" finished-at="2023-10-02T15:50:07 IST" duration-ms="7099" status="PASS">
          <reporter-output>
          </reporter-output>
        </test-method> <!-- productHeaderTest -->
        <test-method signature="productImagesCountTest(java.lang.String,java.lang.String,int)[pri:0, instance:com.qa.opencart.tests.ProductInfoTest@399ca607]" started-at="2023-10-02T15:50:08 IST" name="productImagesCountTest" data-provider="productData" finished-at="2023-10-02T15:50:13 IST" duration-ms="5516" status="PASS">
          <params>
            <param index="0">
              <value>
                <![CDATA[Macbook]]>
              </value>
            </param>
            <param index="1">
              <value>
                <![CDATA[MacBook Pro]]>
              </value>
            </param>
            <param index="2">
              <value>
                <![CDATA[4]]>
              </value>
            </param>
          </params>
          <reporter-output>
          </reporter-output>
        </test-method> <!-- productImagesCountTest -->
        <test-method signature="productImagesCountTest(java.lang.String,java.lang.String,int)[pri:0, instance:com.qa.opencart.tests.ProductInfoTest@399ca607]" started-at="2023-10-02T15:50:13 IST" name="productImagesCountTest" data-provider="productData" finished-at="2023-10-02T15:50:19 IST" duration-ms="5482" status="PASS">
          <params>
            <param index="0">
              <value>
                <![CDATA[Macbook]]>
              </value>
            </param>
            <param index="1">
              <value>
                <![CDATA[MacBook Air]]>
              </value>
            </param>
            <param index="2">
              <value>
                <![CDATA[4]]>
              </value>
            </param>
          </params>
          <reporter-output>
          </reporter-output>
        </test-method> <!-- productImagesCountTest -->
        <test-method signature="productImagesCountTest(java.lang.String,java.lang.String,int)[pri:0, instance:com.qa.opencart.tests.ProductInfoTest@399ca607]" started-at="2023-10-02T15:50:19 IST" name="productImagesCountTest" data-provider="productData" finished-at="2023-10-02T15:50:25 IST" duration-ms="5262" status="PASS">
          <params>
            <param index="0">
              <value>
                <![CDATA[iMac]]>
              </value>
            </param>
            <param index="1">
              <value>
                <![CDATA[iMac]]>
              </value>
            </param>
            <param index="2">
              <value>
                <![CDATA[3]]>
              </value>
            </param>
          </params>
          <reporter-output>
          </reporter-output>
        </test-method> <!-- productImagesCountTest -->
        <test-method is-config="true" signature="tearDown()[pri:0, instance:com.qa.opencart.tests.ProductInfoTest@399ca607]" started-at="2023-10-02T15:50:25 IST" name="tearDown" finished-at="2023-10-02T15:50:25 IST" duration-ms="0" status="PASS">
          <reporter-output>
          </reporter-output>
        </test-method> <!-- tearDown -->
      </class> <!-- com.qa.opencart.tests.ProductInfoTest -->
    </test> <!-- Product Info Test -->
  </suite> <!-- Open Cart Regression Test Suite -->
</testng-results>
